  main.cpp
  SFMLGraphicsEngine.cpp
D:\Programming\Git repositories\Chess Game\Chess Game\SFMLGraphicsEngine.cpp(20,40): warning C4305: 'argument': truncation from 'const double' to 'T'
          with
          [
              T=float
          ]
D:\Programming\Git repositories\Chess Game\Chess Game\SFMLGraphicsEngine.cpp(21,42): warning C4244: 'argument': conversion from 'const double' to 'unsigned int', possible loss of data
D:\Programming\Git repositories\Chess Game\Chess Game\SFMLGraphicsEngine.cpp(21,31): warning C4244: 'argument': conversion from 'const double' to 'unsigned int', possible loss of data
D:\Programming\Git repositories\Chess Game\Chess Game\SFMLGraphicsEngine.cpp(56,111): warning C4244: 'argument': conversion from 'double' to 'T', possible loss of data
          with
          [
              T=int
          ]
D:\Programming\Git repositories\Chess Game\Chess Game\SFMLGraphicsEngine.cpp(56,96): warning C4244: 'argument': conversion from 'double' to 'T', possible loss of data
          with
          [
              T=int
          ]
D:\Programming\Git repositories\Chess Game\Chess Game\SFMLGraphicsEngine.cpp(56,79): warning C4244: 'argument': conversion from 'double' to 'T', possible loss of data
          with
          [
              T=int
          ]
D:\Programming\Git repositories\Chess Game\Chess Game\SFMLGraphicsEngine.cpp(56,46): warning C4244: 'argument': conversion from 'double' to 'T', possible loss of data
          with
          [
              T=int
          ]
D:\Programming\Git repositories\Chess Game\Chess Game\SFMLGraphicsEngine.cpp(70,81): warning C4244: 'argument': conversion from 'double' to 'float', possible loss of data
D:\Programming\Git repositories\Chess Game\Chess Game\SFMLGraphicsEngine.cpp(70,33): warning C4244: 'argument': conversion from 'double' to 'float', possible loss of data
D:\Programming\Git repositories\Chess Game\Chess Game\SFMLGraphicsEngine.cpp(84,83): warning C4244: 'argument': conversion from 'T' to 'T', possible loss of data
          with
          [
              T=float
          ]
          and
          [
              T=int
          ]
D:\Programming\Git repositories\Chess Game\Chess Game\SFMLGraphicsEngine.cpp(84,73): warning C4244: 'argument': conversion from 'T' to 'T', possible loss of data
          with
          [
              T=float
          ]
          and
          [
              T=int
          ]
D:\Programming\Git repositories\Chess Game\Chess Game\SFMLGraphicsEngine.cpp(104,63): warning C4244: 'argument': conversion from 'T' to 'T', possible loss of data
          with
          [
              T=int
          ]
          and
          [
              T=float
          ]
D:\Programming\Git repositories\Chess Game\Chess Game\SFMLGraphicsEngine.cpp(104,46): warning C4244: 'argument': conversion from 'T' to 'T', possible loss of data
          with
          [
              T=int
          ]
          and
          [
              T=float
          ]
D:\Programming\Git repositories\Chess Game\Chess Game\SFMLGraphicsEngine.cpp(144,103): warning C4244: 'argument': conversion from 'double' to 'T', possible loss of data
          with
          [
              T=float
          ]
D:\Programming\Git repositories\Chess Game\Chess Game\SFMLGraphicsEngine.cpp(143,113): warning C4244: 'argument': conversion from 'double' to 'T', possible loss of data
          with
          [
              T=float
          ]
D:\Programming\Git repositories\Chess Game\Chess Game\SFMLGraphicsEngine.cpp(145,31): warning C4244: '=': conversion from 'double' to 'T', possible loss of data
          with
          [
              T=float
          ]
D:\Programming\Git repositories\Chess Game\Chess Game\SFMLGraphicsEngine.cpp(146,31): warning C4244: '=': conversion from 'double' to 'T', possible loss of data
          with
          [
              T=float
          ]
D:\Programming\Git repositories\Chess Game\Chess Game\SFMLGraphicsEngine.cpp(149,70): warning C4244: 'argument': conversion from 'double' to 'T', possible loss of data
          with
          [
              T=float
          ]
D:\Programming\Git repositories\Chess Game\Chess Game\SFMLGraphicsEngine.cpp(148,85): warning C4244: 'argument': conversion from 'double' to 'T', possible loss of data
          with
          [
              T=float
          ]
D:\Programming\Git repositories\Chess Game\Chess Game\SFMLGraphicsEngine.cpp(286,22): warning C4244: 'argument': conversion from 'double' to 'T', possible loss of data
          with
          [
              T=float
          ]
D:\Programming\Git repositories\Chess Game\Chess Game\SFMLGraphicsEngine.cpp(285,70): warning C4244: 'argument': conversion from 'double' to 'T', possible loss of data
          with
          [
              T=float
          ]
D:\Programming\Git repositories\Chess Game\Chess Game\SFMLGraphicsEngine.cpp(302,18): warning C4244: 'argument': conversion from 'double' to 'T', possible loss of data
          with
          [
              T=float
          ]
D:\Programming\Git repositories\Chess Game\Chess Game\SFMLGraphicsEngine.cpp(301,66): warning C4244: 'argument': conversion from 'double' to 'T', possible loss of data
          with
          [
              T=float
          ]
D:\Programming\Git repositories\Chess Game\Chess Game\SFMLGraphicsEngine.cpp(331,8): warning C4244: 'initializing': conversion from 'double' to 'int', possible loss of data
D:\Programming\Git repositories\Chess Game\Chess Game\SFMLGraphicsEngine.cpp(332,8): warning C4244: 'initializing': conversion from 'double' to 'int', possible loss of data
D:\Programming\Git repositories\Chess Game\Chess Game\SFMLGraphicsEngine.cpp(337,38): warning C4244: '=': conversion from 'double' to 'int', possible loss of data
D:\Programming\Git repositories\Chess Game\Chess Game\SFMLGraphicsEngine.cpp(338,27): warning C4244: '=': conversion from 'double' to 'int', possible loss of data
D:\Programming\Git repositories\Chess Game\Chess Game\SFMLGraphicsEngine.cpp(343,53): warning C4244: 'argument': conversion from 'T' to 'int', possible loss of data
          with
          [
              T=float
          ]
D:\Programming\Git repositories\Chess Game\Chess Game\SFMLGraphicsEngine.cpp(343,38): warning C4244: 'argument': conversion from 'T' to 'int', possible loss of data
          with
          [
              T=float
          ]
D:\Programming\Git repositories\Chess Game\Chess Game\SFMLGraphicsEngine.cpp(347,19): warning C4244: 'initializing': conversion from 'double' to 'float', possible loss of data
D:\Programming\Git repositories\Chess Game\Chess Game\SFMLGraphicsEngine.cpp(367,52): warning C4018: '<': signed/unsigned mismatch
D:\Programming\Git repositories\Chess Game\Chess Game\SFMLGraphicsEngine.cpp(387,25): warning C4244: 'argument': conversion from 'double' to 'T', possible loss of data
          with
          [
              T=float
          ]
D:\Programming\Git repositories\Chess Game\Chess Game\SFMLGraphicsEngine.cpp(386,43): warning C4244: 'argument': conversion from 'double' to 'T', possible loss of data
          with
          [
              T=float
          ]
  Generating Code...
  Chess Game.vcxproj -> D:\Programming\Git repositories\Chess Game\Debug\Chess Game.exe
